[2023-03-01 23:13:03.027] [info] Using configuration file /home/fan/.config/waybar/config
[2023-03-01 23:13:03.027] [info] Using CSS file /home/fan/.config/waybar/style.css
[2023-03-01 23:13:03.034] [warning] module sway/mode: Disabling module "sway/mode", Socket path is empty
[2023-03-01 23:13:03.037] [warning] module sway/scratchpad: Disabling module "sway/scratchpad", Socket path is empty
[2023-03-01 23:13:03.040] [error] media stopped unexpectedly, is it endless?
[2023-03-01 23:13:03.041] [warning] module sway/window: Disabling module "sway/window", Socket path is empty
[2023-03-01 23:13:03.044] [warning] module backlight: Disabling module "backlight", No backlight found
[2023-03-01 23:13:03.044] [warning] Can't open /dev/input/mouse0 (are you in the input group?): EACCES Permission denied
[2023-03-01 23:13:03.044] [warning] Can't open /dev/input/event12 (are you in the input group?): EACCES Permission denied
[2023-03-01 23:13:03.044] [warning] Can't open /dev/input/mice (are you in the input group?): EACCES Permission denied
[2023-03-01 23:13:03.044] [warning] Can't open /dev/input/event11 (are you in the input group?): EACCES Permission denied
[2023-03-01 23:13:03.044] [warning] Can't open /dev/input/event10 (are you in the input group?): EACCES Permission denied
[2023-03-01 23:13:03.044] [warning] Can't open /dev/input/event9 (are you in the input group?): EACCES Permission denied
[2023-03-01 23:13:03.044] [warning] Can't open /dev/input/event8 (are you in the input group?): EACCES Permission denied
[2023-03-01 23:13:03.044] [warning] Can't open /dev/input/event7 (are you in the input group?): EACCES Permission denied
[2023-03-01 23:13:03.044] [warning] Can't open /dev/input/event6 (are you in the input group?): EACCES Permission denied
[2023-03-01 23:13:03.044] [warning] Can't open /dev/input/event5 (are you in the input group?): EACCES Permission denied
[2023-03-01 23:13:03.044] [warning] Can't open /dev/input/event4 (are you in the input group?): EACCES Permission denied
[2023-03-01 23:13:03.044] [warning] Can't open /dev/input/event3 (are you in the input group?): EACCES Permission denied
[2023-03-01 23:13:03.044] [warning] Can't open /dev/input/event2 (are you in the input group?): EACCES Permission denied
[2023-03-01 23:13:03.044] [warning] Can't open /dev/input/event1 (are you in the input group?): EACCES Permission denied
[2023-03-01 23:13:03.044] [warning] Can't open /dev/input/event0 (are you in the input group?): EACCES Permission denied
[2023-03-01 23:13:03.044] [warning] module keyboard-state: Disabling module "keyboard-state", Failed to find keyboard device: EACCES Permission denied
[2023-03-01 23:13:03.046] [warning] module sway/language: Disabling module "sway/language", Socket path is empty
[2023-03-01 23:13:03.046] [warning] No batteries.
[2023-03-01 23:13:03.046] [warning] No battery named BAT2
[2023-03-01 23:13:03.163] [info] Bar configured (width: 1920, height: 30) for output: DP-1
ok
ok
ok
ok
ok
ok
ok
ok
ok
ok
Gdk-Message: 23:42:21.402: Error flushing display: Broken pipe
